Using pre-set license
Built from '2020.2/release' branch; Version is '2020.2.2f1 (068178b99f32) revision 426360'; Using compiler version '192528614'; Build Type 'Release'
OS: 'Windows 10 Home; OS build 19041.804; Version 2004; 64bit' Language: 'en' Physical Memory: 16111 MB
BatchMode: 1, IsHumanControllingUs: 0, StartBugReporterOnCrash: 0, Is64bit: 1, IsPro: 0

 COMMAND LINE ARGUMENTS:
C:\Program Files\Unity\Hub\Editor\2020.2.2f1\Editor\Unity.exe
-adb2
-batchMode
-noUpm
-name
AssetImportWorker0
-projectPath
C:/Users/samle/OneDrive/Documents/GitHub/Bread-Butter-Sam/Frameworks
-logFile
Logs/AssetImportWorker0.log
-srvPort
65070
Successfully changed project path to: C:/Users/samle/OneDrive/Documents/GitHub/Bread-Butter-Sam/Frameworks
C:/Users/samle/OneDrive/Documents/GitHub/Bread-Butter-Sam/Frameworks
Using Asset Import Pipeline V2.
Refreshing native plugins compatible for Editor in 120.00 ms, found 1 plugins.
Preloading 0 native plugins for Editor in 0.00 ms.
Initialize engine version: 2020.2.2f1 (068178b99f32)
[Subsystems] Discovering subsystems at path C:/Program Files/Unity/Hub/Editor/2020.2.2f1/Editor/Data/Resources/UnitySubsystems
[Subsystems] Discovering subsystems at path C:/Users/samle/OneDrive/Documents/GitHub/Bread-Butter-Sam/Frameworks/Assets
GfxDevice: creating device client; threaded=0
Direct3D:
    Version:  Direct3D 11.0 [level 11.1]
    Renderer: NVIDIA GeForce GTX 1650 (ID=0x1f91)
    Vendor:   
    VRAM:     3964 MB
    Driver:   27.21.14.5751
Initialize mono
Mono path[0] = 'C:/Program Files/Unity/Hub/Editor/2020.2.2f1/Editor/Data/Managed'
Mono path[1] = 'C:/Program Files/Unity/Hub/Editor/2020.2.2f1/Editor/Data/MonoBleedingEdge/lib/mono/unityjit'
Mono config path = 'C:/Program Files/Unity/Hub/Editor/2020.2.2f1/Editor/Data/MonoBleedingEdge/etc'
Using monoOptions --debugger-agent=transport=dt_socket,embedding=1,server=y,suspend=n,address=127.0.0.1:56852
Begin MonoManager ReloadAssembly
Registering precompiled unity dll's ...
Register platform support module: C:/Program Files/Unity/Hub/Editor/2020.2.2f1/Editor/Data/PlaybackEngines/WindowsStandaloneSupport/UnityEditor.WindowsStandalone.Extensions.dll
Registered in 0.006021 seconds.
Native extension for WindowsStandalone target not found
Refreshing native plugins compatible for Editor in 61.45 ms, found 1 plugins.
Preloading 0 native plugins for Editor in 0.00 ms.
Invoked RoslynAnalysisRunner static constructor.
RoslynAnalysisRunner will not be running.
RoslynAnalysisRunner has terminated.
Mono: successfully reloaded assembly
- Completed reload, in  2.924 seconds
Platform modules already initialized, skipping
Registering precompiled user dll's ...
Registered in 0.002003 seconds.
Begin MonoManager ReloadAssembly
Native extension for WindowsStandalone target not found
Refreshing native plugins compatible for Editor in 0.62 ms, found 1 plugins.
Preloading 0 native plugins for Editor in 0.00 ms.
Invoked RoslynAnalysisRunner static constructor.
RoslynAnalysisRunner will not be running.
RoslynAnalysisRunner has terminated.
Mono: successfully reloaded assembly
- Completed reload, in  2.324 seconds
Platform modules already initialized, skipping
========================================================================
Worker process is ready to serve import requests
Launched and connected shader compiler UnityShaderCompiler.exe after 0.10 seconds
Refreshing native plugins compatible for Editor in 0.36 ms, found 1 plugins.
Preloading 0 native plugins for Editor in 0.00 ms.
Unloading 1129 Unused Serialized files (Serialized files now loaded: 0)
System memory in use before: 57.3 MB.
System memory in use after: 57.4 MB.

Unloading 11 unused Assets to reduce memory usage. Loaded Objects now: 1570.
Total: 3.452200 ms (FindLiveObjects: 0.229700 ms CreateObjectMapping: 0.081000 ms MarkObjects: 2.979200 ms  DeleteObjects: 0.159900 ms)

========================================================================
Received Import Request.
  path: Assets/James-Sorting-Algorithm-main/Assets
  artifactKey: Guid(f52742797dd14d043b411e5b31a6da01) Importer(815301076,1909f56bfc062723c751e8b465ee728b)
Start importing Assets/James-Sorting-Algorithm-main/Assets using Guid(f52742797dd14d043b411e5b31a6da01) Importer(815301076,1909f56bfc062723c751e8b465ee728b)  -> (artifact id: 'ab9e99653635de4ab1a891a9147b4f42') in 0.024084 seconds
  Import took 0.029596 seconds .

========================================================================
Received Import Request.
  Time since last request: 0.000800 seconds.
  path: Assets/James-Sorting-Algorithm-main/Assets/Sorting
  artifactKey: Guid(fe91265313de6644db61633c7f1fe940) Importer(815301076,1909f56bfc062723c751e8b465ee728b)
Start importing Assets/James-Sorting-Algorithm-main/Assets/Sorting using Guid(fe91265313de6644db61633c7f1fe940) Importer(815301076,1909f56bfc062723c751e8b465ee728b)  -> (artifact id: 'fb9b35d82af124d69888dd0a68314900') in 0.022217 seconds
  Import took 0.027728 seconds .

========================================================================
Received Import Request.
  Time since last request: 0.000816 seconds.
  path: Assets/James-Sorting-Algorithm-main/ProjectSettings
  artifactKey: Guid(78ec444f6936de14188aa744039428eb) Importer(815301076,1909f56bfc062723c751e8b465ee728b)
Start importing Assets/James-Sorting-Algorithm-main/ProjectSettings using Guid(78ec444f6936de14188aa744039428eb) Importer(815301076,1909f56bfc062723c751e8b465ee728b)  -> (artifact id: 'c9a64927a7b6a687f726deac0afb2aaf') in 0.029378 seconds
  Import took 0.038731 seconds .

========================================================================
Received Import Request.
  Time since last request: 0.000720 seconds.
  path: Assets/James-Sorting-Algorithm-main
  artifactKey: Guid(67a51d1ce15af1848bfe60d2835f6b03) Importer(815301076,1909f56bfc062723c751e8b465ee728b)
Start importing Assets/James-Sorting-Algorithm-main using Guid(67a51d1ce15af1848bfe60d2835f6b03) Importer(815301076,1909f56bfc062723c751e8b465ee728b)  -> (artifact id: '38eee93740170dc37fb1646d5e3bbc4d') in 0.025881 seconds
  Import took 0.034693 seconds .

========================================================================
Received Prepare
Registering precompiled user dll's ...
Registered in 0.001507 seconds.
Begin MonoManager ReloadAssembly
Native extension for WindowsStandalone target not found
Refreshing native plugins compatible for Editor in 0.69 ms, found 1 plugins.
Preloading 0 native plugins for Editor in 0.00 ms.
Invoked RoslynAnalysisRunner static constructor.
RoslynAnalysisRunner will not be running.
RoslynAnalysisRunner has terminated.
Mono: successfully reloaded assembly
- Completed reload, in  3.269 seconds
Platform modules already initialized, skipping
Refreshing native plugins compatible for Editor in 0.70 ms, found 1 plugins.
Preloading 0 native plugins for Editor in 0.00 ms.
Unloading 1124 Unused Serialized files (Serialized files now loaded: 0)
System memory in use before: 57.4 MB.
System memory in use after: 57.5 MB.

Unloading 6 unused Assets to reduce memory usage. Loaded Objects now: 1572.
Total: 6.697600 ms (FindLiveObjects: 0.339000 ms CreateObjectMapping: 0.121300 ms MarkObjects: 6.060100 ms  DeleteObjects: 0.173700 ms)

