Using pre-set license
Built from '2020.2/release' branch; Version is '2020.2.2f1 (068178b99f32) revision 426360'; Using compiler version '192528614'; Build Type 'Release'
OS: 'Windows 10 Home; OS build 19041.804; Version 2004; 64bit' Language: 'en' Physical Memory: 16111 MB
BatchMode: 1, IsHumanControllingUs: 0, StartBugReporterOnCrash: 0, Is64bit: 1, IsPro: 0

 COMMAND LINE ARGUMENTS:
C:\Program Files\Unity\Hub\Editor\2020.2.2f1\Editor\Unity.exe
-adb2
-batchMode
-noUpm
-name
AssetImportWorker0
-projectPath
C:/Users/samle/OneDrive/Documents/GitHub/Bread-Butter-Sam
-logFile
Logs/AssetImportWorker0.log
-srvPort
49212
Successfully changed project path to: C:/Users/samle/OneDrive/Documents/GitHub/Bread-Butter-Sam
C:/Users/samle/OneDrive/Documents/GitHub/Bread-Butter-Sam
Using Asset Import Pipeline V2.
Refreshing native plugins compatible for Editor in 57.38 ms, found 0 plugins.
Preloading 0 native plugins for Editor in 0.00 ms.
Initialize engine version: 2020.2.2f1 (068178b99f32)
[Subsystems] Discovering subsystems at path C:/Program Files/Unity/Hub/Editor/2020.2.2f1/Editor/Data/Resources/UnitySubsystems
[Subsystems] Discovering subsystems at path C:/Users/samle/OneDrive/Documents/GitHub/Bread-Butter-Sam/Assets
GfxDevice: creating device client; threaded=0
Direct3D:
    Version:  Direct3D 11.0 [level 11.1]
    Renderer: NVIDIA GeForce GTX 1650 (ID=0x1f91)
    Vendor:   
    VRAM:     3964 MB
    Driver:   27.21.14.5751
Initialize mono
Mono path[0] = 'C:/Program Files/Unity/Hub/Editor/2020.2.2f1/Editor/Data/Managed'
Mono path[1] = 'C:/Program Files/Unity/Hub/Editor/2020.2.2f1/Editor/Data/MonoBleedingEdge/lib/mono/unityjit'
Mono config path = 'C:/Program Files/Unity/Hub/Editor/2020.2.2f1/Editor/Data/MonoBleedingEdge/etc'
Using monoOptions --debugger-agent=transport=dt_socket,embedding=1,server=y,suspend=n,address=127.0.0.1:56016
Begin MonoManager ReloadAssembly
Registering precompiled unity dll's ...
Register platform support module: C:/Program Files/Unity/Hub/Editor/2020.2.2f1/Editor/Data/PlaybackEngines/WindowsStandaloneSupport/UnityEditor.WindowsStandalone.Extensions.dll
Registered in 0.005321 seconds.
Native extension for WindowsStandalone target not found
Refreshing native plugins compatible for Editor in 58.99 ms, found 0 plugins.
Preloading 0 native plugins for Editor in 0.00 ms.
Invoked RoslynAnalysisRunner static constructor.
RoslynAnalysisRunner will not be running.
RoslynAnalysisRunner has terminated.
Mono: successfully reloaded assembly
- Completed reload, in  2.712 seconds
Platform modules already initialized, skipping
Registering precompiled user dll's ...
Registered in 0.001550 seconds.
Begin MonoManager ReloadAssembly
Native extension for WindowsStandalone target not found
Refreshing native plugins compatible for Editor in 0.37 ms, found 0 plugins.
Preloading 0 native plugins for Editor in 0.00 ms.
Invoked RoslynAnalysisRunner static constructor.
RoslynAnalysisRunner will not be running.
RoslynAnalysisRunner has terminated.
Mono: successfully reloaded assembly
- Completed reload, in  2.214 seconds
Platform modules already initialized, skipping
========================================================================
Worker process is ready to serve import requests
Launched and connected shader compiler UnityShaderCompiler.exe after 0.17 seconds
Refreshing native plugins compatible for Editor in 0.53 ms, found 0 plugins.
Preloading 0 native plugins for Editor in 0.00 ms.
Unloading 1128 Unused Serialized files (Serialized files now loaded: 0)
System memory in use before: 57.1 MB.
System memory in use after: 57.2 MB.

Unloading 9 unused Assets to reduce memory usage. Loaded Objects now: 1571.
Total: 5.533100 ms (FindLiveObjects: 0.344300 ms CreateObjectMapping: 0.109800 ms MarkObjects: 4.901700 ms  DeleteObjects: 0.173800 ms)

========================================================================
Received Import Request.
  path: Assets/Bread&Butter/Core
  artifactKey: Guid(da4fe167731de06409c6d2ac30d14da2) Importer(815301076,1909f56bfc062723c751e8b465ee728b)
Start importing Assets/Bread&Butter/Core using Guid(da4fe167731de06409c6d2ac30d14da2) Importer(815301076,1909f56bfc062723c751e8b465ee728b)  -> (artifact id: '5cdb1023890a93396443def3a3a12120') in 0.029328 seconds
  Import took 0.035880 seconds .

========================================================================
Received Import Request.
  Time since last request: 0.000739 seconds.
  path: Assets/Bread&Butter/Editor
  artifactKey: Guid(a8138d97056efe6458f05b4f91cf410a) Importer(815301076,1909f56bfc062723c751e8b465ee728b)
Start importing Assets/Bread&Butter/Editor using Guid(a8138d97056efe6458f05b4f91cf410a) Importer(815301076,1909f56bfc062723c751e8b465ee728b)  -> (artifact id: '9eb10626bb5b8cd217ff55ca4509b8be') in 0.028001 seconds
  Import took 0.037021 seconds .

========================================================================
Received Import Request.
  Time since last request: 0.407257 seconds.
  path: Assets/Bread&Butter/Mobile
  artifactKey: Guid(e6ac5744d0708774ab7bc5d39b13ab76) Importer(815301076,1909f56bfc062723c751e8b465ee728b)
Start importing Assets/Bread&Butter/Mobile using Guid(e6ac5744d0708774ab7bc5d39b13ab76) Importer(815301076,1909f56bfc062723c751e8b465ee728b)  -> (artifact id: '2bea08f36608f0f1b5ae0a84f201a6ca') in 0.009511 seconds
  Import took 0.014292 seconds .

========================================================================
Received Import Request.
  Time since last request: 0.020251 seconds.
  path: Assets/Bread&Butter/Mobile
  artifactKey: Guid(e6ac5744d0708774ab7bc5d39b13ab76) Importer(815301076,1909f56bfc062723c751e8b465ee728b)
Start importing Assets/Bread&Butter/Mobile using Guid(e6ac5744d0708774ab7bc5d39b13ab76) Importer(815301076,1909f56bfc062723c751e8b465ee728b)  -> (artifact id: '2bea08f36608f0f1b5ae0a84f201a6ca') in 0.007037 seconds
  Import took 0.012355 seconds .

========================================================================
Received Import Request.
  Time since last request: 12.659075 seconds.
  path: Assets/Bread&Butter/Prefabs
  artifactKey: Guid(79ee901a94d19774c8c51e7ed52c788f) Importer(815301076,1909f56bfc062723c751e8b465ee728b)
Start importing Assets/Bread&Butter/Prefabs using Guid(79ee901a94d19774c8c51e7ed52c788f) Importer(815301076,1909f56bfc062723c751e8b465ee728b)  -> (artifact id: '3f5195370880c1017ce77900e7747a54') in 0.015058 seconds
  Import took 0.019787 seconds .

========================================================================
Received Import Request.
  Time since last request: 19.298827 seconds.
  path: Assets/Scenes/SpawnerTest.unity
  artifactKey: Guid(8e4e69ba09d9df74a9863c7af494adc7) Importer(815301076,1909f56bfc062723c751e8b465ee728b)
Start importing Assets/Scenes/SpawnerTest.unity using Guid(8e4e69ba09d9df74a9863c7af494adc7) Importer(815301076,1909f56bfc062723c751e8b465ee728b)  -> (artifact id: '2139998895aa18c27191baa300cb659a') in 0.069184 seconds
  Import took 0.079757 seconds .

========================================================================
Received Import Request.
  Time since last request: 1.250212 seconds.
  path: Assets/Scenes/FrameWorkTest.unity
  artifactKey: Guid(269ea85671ba4de46a3440d38b0973c1) Importer(815301076,1909f56bfc062723c751e8b465ee728b)
Start importing Assets/Scenes/FrameWorkTest.unity using Guid(269ea85671ba4de46a3440d38b0973c1) Importer(815301076,1909f56bfc062723c751e8b465ee728b)  -> (artifact id: '04a67c4499734f23dbe94d93f17f536a') in 0.009967 seconds
  Import took 0.012503 seconds .

========================================================================
Received Import Request.
  Time since last request: 0.005456 seconds.
  path: Assets/Scenes/FrameWorkTest.unity
  artifactKey: Guid(269ea85671ba4de46a3440d38b0973c1) Importer(815301076,1909f56bfc062723c751e8b465ee728b)
Start importing Assets/Scenes/FrameWorkTest.unity using Guid(269ea85671ba4de46a3440d38b0973c1) Importer(815301076,1909f56bfc062723c751e8b465ee728b)  -> (artifact id: '04a67c4499734f23dbe94d93f17f536a') in 0.010411 seconds
  Import took 0.019991 seconds .

========================================================================
Received Import Request.
  Time since last request: 1.081408 seconds.
  path: Assets/Scenes/Bread&Butter.unity
  artifactKey: Guid(f57b6cd63b91e574ebf6d84390e6a1ee) Importer(815301076,1909f56bfc062723c751e8b465ee728b)
Start importing Assets/Scenes/Bread&Butter.unity using Guid(f57b6cd63b91e574ebf6d84390e6a1ee) Importer(815301076,1909f56bfc062723c751e8b465ee728b)  -> (artifact id: 'c4fa6d967fb24d31b9ae1565772e4a53') in 0.022426 seconds
  Import took 0.029712 seconds .

========================================================================
Received Import Request.
  Time since last request: 40.158741 seconds.
  path: Assets/James-Sorting-Algorithm-main/Assets
  artifactKey: Guid(f52742797dd14d043b411e5b31a6da01) Importer(815301076,1909f56bfc062723c751e8b465ee728b)
Start importing Assets/James-Sorting-Algorithm-main/Assets using Guid(f52742797dd14d043b411e5b31a6da01) Importer(815301076,1909f56bfc062723c751e8b465ee728b)  -> (artifact id: 'ab9e99653635de4ab1a891a9147b4f42') in 0.029105 seconds
  Import took 0.036537 seconds .

========================================================================
Received Import Request.
  Time since last request: 0.841371 seconds.
  path: Assets/James-Sorting-Algorithm-main/Assets/Sorting
  artifactKey: Guid(fe91265313de6644db61633c7f1fe940) Importer(815301076,1909f56bfc062723c751e8b465ee728b)
Start importing Assets/James-Sorting-Algorithm-main/Assets/Sorting using Guid(fe91265313de6644db61633c7f1fe940) Importer(815301076,1909f56bfc062723c751e8b465ee728b)  -> (artifact id: 'fb9b35d82af124d69888dd0a68314900') in 0.014686 seconds
  Import took 0.018808 seconds .

========================================================================
Received Import Request.
  Time since last request: 0.001956 seconds.
  path: Assets/James-Sorting-Algorithm-main/Assets/Sorting
  artifactKey: Guid(fe91265313de6644db61633c7f1fe940) Importer(815301076,1909f56bfc062723c751e8b465ee728b)
Start importing Assets/James-Sorting-Algorithm-main/Assets/Sorting using Guid(fe91265313de6644db61633c7f1fe940) Importer(815301076,1909f56bfc062723c751e8b465ee728b)  -> (artifact id: 'fb9b35d82af124d69888dd0a68314900') in 0.009131 seconds
  Import took 0.017179 seconds .

========================================================================
Received Import Request.
  Time since last request: 1.562458 seconds.
  path: Assets/James-Sorting-Algorithm-main/Assets/Sorting/Scripts
  artifactKey: Guid(d74085fe5f19b5f44b099403f1b5cadc) Importer(815301076,1909f56bfc062723c751e8b465ee728b)
Start importing Assets/James-Sorting-Algorithm-main/Assets/Sorting/Scripts using Guid(d74085fe5f19b5f44b099403f1b5cadc) Importer(815301076,1909f56bfc062723c751e8b465ee728b)  -> (artifact id: '272933b4bb2526ec834ed584dd03bace') in 0.033914 seconds
  Import took 0.041745 seconds .

========================================================================
Received Import Request.
  Time since last request: 11.828504 seconds.
  path: Assets/James-Sorting-Algorithm-main/Packages
  artifactKey: Guid(cbd5ead848ba66a4fa75a64e183324cb) Importer(815301076,1909f56bfc062723c751e8b465ee728b)
Start importing Assets/James-Sorting-Algorithm-main/Packages using Guid(cbd5ead848ba66a4fa75a64e183324cb) Importer(815301076,1909f56bfc062723c751e8b465ee728b)  -> (artifact id: 'da147590f86fe73dc0d9e9b18b986195') in 0.039773 seconds
  Import took 0.045577 seconds .

========================================================================
Received Import Request.
  Time since last request: 2.313690 seconds.
  path: Assets/James-Sorting-Algorithm-main/ProjectSettings
  artifactKey: Guid(78ec444f6936de14188aa744039428eb) Importer(815301076,1909f56bfc062723c751e8b465ee728b)
Start importing Assets/James-Sorting-Algorithm-main/ProjectSettings using Guid(78ec444f6936de14188aa744039428eb) Importer(815301076,1909f56bfc062723c751e8b465ee728b)  -> (artifact id: 'c9a64927a7b6a687f726deac0afb2aaf') in 0.020876 seconds
  Import took 0.024061 seconds .

========================================================================
Received Import Request.
  Time since last request: 5.455933 seconds.
  path: Assets/Scenes
  artifactKey: Guid(518432b5f03f61b42861a6c380c23343) Importer(815301076,1909f56bfc062723c751e8b465ee728b)
Start importing Assets/Scenes using Guid(518432b5f03f61b42861a6c380c23343) Importer(815301076,1909f56bfc062723c751e8b465ee728b)  -> (artifact id: 'af38f9d677de2fcda1e7d953df5d6dfa') in 0.027420 seconds
  Import took 0.035662 seconds .

========================================================================
Received Import Request.
  Time since last request: 2.506531 seconds.
  path: Assets/Resources
  artifactKey: Guid(7c320cbf9aed8654f80b5100622ba0a3) Importer(815301076,1909f56bfc062723c751e8b465ee728b)
Start importing Assets/Resources using Guid(7c320cbf9aed8654f80b5100622ba0a3) Importer(815301076,1909f56bfc062723c751e8b465ee728b)  -> (artifact id: '7c7545b1cc8a58463a0668e59894dfd9') in 0.015934 seconds
  Import took 0.021579 seconds .

========================================================================
Received Import Request.
  Time since last request: 0.018858 seconds.
  path: Assets/Resources
  artifactKey: Guid(7c320cbf9aed8654f80b5100622ba0a3) Importer(815301076,1909f56bfc062723c751e8b465ee728b)
Start importing Assets/Resources using Guid(7c320cbf9aed8654f80b5100622ba0a3) Importer(815301076,1909f56bfc062723c751e8b465ee728b)  -> (artifact id: '7c7545b1cc8a58463a0668e59894dfd9') in 0.018393 seconds
  Import took 0.027444 seconds .

========================================================================
Received Import Request.
  Time since last request: 1.759970 seconds.
  path: Assets/Bread&Butter
  artifactKey: Guid(c1fe82572588c4440823a4136e4e9b8f) Importer(815301076,1909f56bfc062723c751e8b465ee728b)
Start importing Assets/Bread&Butter using Guid(c1fe82572588c4440823a4136e4e9b8f) Importer(815301076,1909f56bfc062723c751e8b465ee728b)  -> (artifact id: '0bed149a9f3824efc6c7510ec8aac343') in 0.013310 seconds
  Import took 0.016198 seconds .

========================================================================
Received Import Request.
  Time since last request: 0.001823 seconds.
  path: Assets/Bread&Butter
  artifactKey: Guid(c1fe82572588c4440823a4136e4e9b8f) Importer(815301076,1909f56bfc062723c751e8b465ee728b)
Start importing Assets/Bread&Butter using Guid(c1fe82572588c4440823a4136e4e9b8f) Importer(815301076,1909f56bfc062723c751e8b465ee728b)  -> (artifact id: '0bed149a9f3824efc6c7510ec8aac343') in 0.005284 seconds
  Import took 0.009627 seconds .

========================================================================
Received Import Request.
  Time since last request: 1.725405 seconds.
  path: Assets/Bread&Butter/AI
  artifactKey: Guid(e7d01f55f6ba14144849c69055b9bc1e) Importer(815301076,1909f56bfc062723c751e8b465ee728b)
Start importing Assets/Bread&Butter/AI using Guid(e7d01f55f6ba14144849c69055b9bc1e) Importer(815301076,1909f56bfc062723c751e8b465ee728b)  -> (artifact id: '38ef2103788377ff587b7dd237b88cb6') in 0.013421 seconds
  Import took 0.017806 seconds .

========================================================================
Received Import Request.
  Time since last request: 0.001349 seconds.
  path: Assets/Bread&Butter/AI
  artifactKey: Guid(e7d01f55f6ba14144849c69055b9bc1e) Importer(815301076,1909f56bfc062723c751e8b465ee728b)
Start importing Assets/Bread&Butter/AI using Guid(e7d01f55f6ba14144849c69055b9bc1e) Importer(815301076,1909f56bfc062723c751e8b465ee728b)  -> (artifact id: '38ef2103788377ff587b7dd237b88cb6') in 0.009504 seconds
  Import took 0.019589 seconds .

========================================================================
Received Import Request.
  Time since last request: 8.667859 seconds.
  path: Assets/Bread&Butter/Core/MonoSingleton.cs
  artifactKey: Guid(538681781a3cf6a4da6e58eb97f32293) Importer(815301076,1909f56bfc062723c751e8b465ee728b)
Start importing Assets/Bread&Butter/Core/MonoSingleton.cs using Guid(538681781a3cf6a4da6e58eb97f32293) Importer(815301076,1909f56bfc062723c751e8b465ee728b)  -> (artifact id: '0f8cf168b62cc8e735f8cd92f8f6f9ea') in 0.093782 seconds
  Import took 0.099850 seconds .

========================================================================
Received Prepare
Registering precompiled user dll's ...
Registered in 0.001586 seconds.
Begin MonoManager ReloadAssembly
Native extension for WindowsStandalone target not found
Refreshing native plugins compatible for Editor in 0.39 ms, found 0 plugins.
Preloading 0 native plugins for Editor in 0.00 ms.
Invoked RoslynAnalysisRunner static constructor.
RoslynAnalysisRunner will not be running.
RoslynAnalysisRunner has terminated.
Mono: successfully reloaded assembly
- Completed reload, in  2.358 seconds
Platform modules already initialized, skipping
Refreshing native plugins compatible for Editor in 0.39 ms, found 0 plugins.
Preloading 0 native plugins for Editor in 0.00 ms.
Unloading 1122 Unused Serialized files (Serialized files now loaded: 0)
System memory in use before: 57.1 MB.
System memory in use after: 57.2 MB.

Unloading 4 unused Assets to reduce memory usage. Loaded Objects now: 1573.
Total: 3.573400 ms (FindLiveObjects: 0.259500 ms CreateObjectMapping: 0.078400 ms MarkObjects: 3.167800 ms  DeleteObjects: 0.065100 ms)

========================================================================
Received Import Request.
  Time since last request: 95.511050 seconds.
  path: Assets/Scenes/NewBehaviourScript.cs
  artifactKey: Guid(f490c74a1e602144aa16928e6ca97b95) Importer(815301076,1909f56bfc062723c751e8b465ee728b)
Start importing Assets/Scenes/NewBehaviourScript.cs using Guid(f490c74a1e602144aa16928e6ca97b95) Importer(815301076,1909f56bfc062723c751e8b465ee728b)  -> (artifact id: '2e1a69af26e1888489baa17cb231e519') in 0.030655 seconds
  Import took 0.037580 seconds .

========================================================================
Received Prepare
Registering precompiled user dll's ...
Registered in 0.001503 seconds.
Begin MonoManager ReloadAssembly
Native extension for WindowsStandalone target not found
Refreshing native plugins compatible for Editor in 0.58 ms, found 0 plugins.
Preloading 0 native plugins for Editor in 0.00 ms.
Invoked RoslynAnalysisRunner static constructor.
RoslynAnalysisRunner will not be running.
RoslynAnalysisRunner has terminated.
Mono: successfully reloaded assembly
- Completed reload, in  1.915 seconds
Platform modules already initialized, skipping
Refreshing native plugins compatible for Editor in 0.35 ms, found 0 plugins.
Preloading 0 native plugins for Editor in 0.00 ms.
Unloading 1122 Unused Serialized files (Serialized files now loaded: 0)
System memory in use before: 57.2 MB.
System memory in use after: 57.3 MB.

Unloading 4 unused Assets to reduce memory usage. Loaded Objects now: 1575.
Total: 2.761300 ms (FindLiveObjects: 0.191600 ms CreateObjectMapping: 0.060100 ms MarkObjects: 2.475300 ms  DeleteObjects: 0.028700 ms)

========================================================================
Received Import Request.
  Time since last request: 24.565657 seconds.
  path: Assets/Bread&Butter/Core/Gyro.cs
  artifactKey: Guid(c32a14be83a93534a9b49893620c1371) Importer(815301076,1909f56bfc062723c751e8b465ee728b)
Start importing Assets/Bread&Butter/Core/Gyro.cs using Guid(c32a14be83a93534a9b49893620c1371) Importer(815301076,1909f56bfc062723c751e8b465ee728b)  -> (artifact id: '7de96f2b87c237eaccb0d37bf027f0f3') in 0.021751 seconds
  Import took 0.027510 seconds .

========================================================================
Received Import Request.
  Time since last request: 0.053343 seconds.
  path: Assets/Bread&Butter/Core/Gyro.cs
  artifactKey: Guid(c32a14be83a93534a9b49893620c1371) Importer(815301076,1909f56bfc062723c751e8b465ee728b)
Start importing Assets/Bread&Butter/Core/Gyro.cs using Guid(c32a14be83a93534a9b49893620c1371) Importer(815301076,1909f56bfc062723c751e8b465ee728b)  -> (artifact id: '7de96f2b87c237eaccb0d37bf027f0f3') in 0.005314 seconds
  Import took 0.010231 seconds .

========================================================================
Received Prepare
Registering precompiled user dll's ...
Registered in 0.001175 seconds.
Begin MonoManager ReloadAssembly
Native extension for WindowsStandalone target not found
Refreshing native plugins compatible for Editor in 0.39 ms, found 0 plugins.
Preloading 0 native plugins for Editor in 0.00 ms.
Invoked RoslynAnalysisRunner static constructor.
RoslynAnalysisRunner will not be running.
RoslynAnalysisRunner has terminated.
Mono: successfully reloaded assembly
- Completed reload, in  2.144 seconds
Platform modules already initialized, skipping
Refreshing native plugins compatible for Editor in 0.29 ms, found 0 plugins.
Preloading 0 native plugins for Editor in 0.00 ms.
Unloading 1123 Unused Serialized files (Serialized files now loaded: 0)
System memory in use before: 57.4 MB.
System memory in use after: 57.5 MB.

Unloading 4 unused Assets to reduce memory usage. Loaded Objects now: 1578.
Total: 4.334900 ms (FindLiveObjects: 0.269800 ms CreateObjectMapping: 0.091300 ms MarkObjects: 3.942200 ms  DeleteObjects: 0.029700 ms)

========================================================================
Received Import Request.
  Time since last request: 48.268875 seconds.
  path: Assets/Bread&Butter/Core/Gyro.cs
  artifactKey: Guid(c32a14be83a93534a9b49893620c1371) Importer(815301076,1909f56bfc062723c751e8b465ee728b)
Start importing Assets/Bread&Butter/Core/Gyro.cs using Guid(c32a14be83a93534a9b49893620c1371) Importer(815301076,1909f56bfc062723c751e8b465ee728b)  -> (artifact id: 'c854a6f89cb64cf0b6ac52f6043bf597') in 0.008001 seconds
  Import took 0.012492 seconds .

========================================================================
Received Prepare
Registering precompiled user dll's ...
Registered in 0.001512 seconds.
Begin MonoManager ReloadAssembly
Native extension for WindowsStandalone target not found
Refreshing native plugins compatible for Editor in 0.31 ms, found 0 plugins.
Preloading 0 native plugins for Editor in 0.00 ms.
Invoked RoslynAnalysisRunner static constructor.
RoslynAnalysisRunner will not be running.
RoslynAnalysisRunner has terminated.
Mono: successfully reloaded assembly
- Completed reload, in  1.159 seconds
Platform modules already initialized, skipping
Refreshing native plugins compatible for Editor in 0.25 ms, found 0 plugins.
Preloading 0 native plugins for Editor in 0.00 ms.
Unloading 1123 Unused Serialized files (Serialized files now loaded: 0)
System memory in use before: 57.4 MB.
System memory in use after: 57.5 MB.

Unloading 4 unused Assets to reduce memory usage. Loaded Objects now: 1580.
Total: 1.824000 ms (FindLiveObjects: 0.139000 ms CreateObjectMapping: 0.040800 ms MarkObjects: 1.626500 ms  DeleteObjects: 0.016500 ms)

========================================================================
Received Prepare
Registering precompiled user dll's ...
Registered in 0.000967 seconds.
Begin MonoManager ReloadAssembly
Native extension for WindowsStandalone target not found
Refreshing native plugins compatible for Editor in 0.42 ms, found 0 plugins.
Preloading 0 native plugins for Editor in 0.00 ms.
Invoked RoslynAnalysisRunner static constructor.
RoslynAnalysisRunner will not be running.
RoslynAnalysisRunner has terminated.
Mono: successfully reloaded assembly
- Completed reload, in  2.150 seconds
Platform modules already initialized, skipping
Refreshing native plugins compatible for Editor in 0.72 ms, found 0 plugins.
Preloading 0 native plugins for Editor in 0.00 ms.
Unloading 1123 Unused Serialized files (Serialized files now loaded: 0)
System memory in use before: 57.5 MB.
System memory in use after: 57.6 MB.

Unloading 4 unused Assets to reduce memory usage. Loaded Objects now: 1582.
Total: 5.625000 ms (FindLiveObjects: 0.329400 ms CreateObjectMapping: 0.091300 ms MarkObjects: 5.151200 ms  DeleteObjects: 0.044300 ms)

========================================================================
Received Prepare
Registering precompiled user dll's ...
Registered in 0.000813 seconds.
Begin MonoManager ReloadAssembly
Native extension for WindowsStandalone target not found
Refreshing native plugins compatible for Editor in 0.37 ms, found 0 plugins.
Preloading 0 native plugins for Editor in 0.00 ms.
Invoked RoslynAnalysisRunner static constructor.
RoslynAnalysisRunner will not be running.
RoslynAnalysisRunner has terminated.
Mono: successfully reloaded assembly
- Completed reload, in  1.745 seconds
Platform modules already initialized, skipping
Refreshing native plugins compatible for Editor in 0.59 ms, found 0 plugins.
Preloading 0 native plugins for Editor in 0.00 ms.
Unloading 1123 Unused Serialized files (Serialized files now loaded: 0)
System memory in use before: 57.6 MB.
System memory in use after: 57.7 MB.

Unloading 4 unused Assets to reduce memory usage. Loaded Objects now: 1584.
Total: 3.743200 ms (FindLiveObjects: 0.272000 ms CreateObjectMapping: 0.095100 ms MarkObjects: 3.325400 ms  DeleteObjects: 0.046900 ms)

AssetImportWorkerClient::OnTransportError - code=2 error=End of file
